<?xml version="1.0" encoding="UTF-8"?>
<!-- Generated by org.testng.reporters.JUnitXMLReporter -->
<testsuite ignored="0" hostname="Neko" failures="0" tests="4" name="tModule Test" time="0.134" errors="0" timestamp="2021-04-28T20:09:46 ICT">
  <testcase classname="poro.module.db.data.PhongTest" name="InsertPhong" time="0.037"/>
  <testcase classname="poro.module.db.data.PhongTest" name="SelectAllphong" time="0.059"/>
  <testcase classname="poro.module.db.data.PhongTest" name="SelectByIdPhong" time="0.013"/>
  <testcase classname="poro.module.db.data.PhongTest" name="UpdatePhong" time="0.014"/>
</testsuite> <!-- tModule Test -->
