<?xml version="1.0" encoding="UTF-8"?>
<!-- Generated by org.testng.reporters.JUnitXMLReporter -->
<testsuite ignored="0" hostname="Neko" failures="0" tests="3" name="pDangNhap Test" time="14.191" errors="0" timestamp="2021-04-28T20:10:01 ICT">
  <testcase classname="poro.gui.DangNhapJDialogTest" name="loginFail" time="1.901"/>
  <testcase classname="poro.gui.DangNhapJDialogTest" name="loginFail" time="1.597"/>
  <testcase classname="poro.gui.DangNhapJDialogTest" name="loginFail" time="1.612"/>
</testsuite> <!-- pDangNhap Test -->
