<?xml version="1.0" encoding="UTF-8"?>
<!-- Generated by org.testng.reporters.JUnitXMLReporter -->
<testsuite ignored="0" hostname="Neko" failures="1" tests="6" name="pDangNhap Test" time="21.475" errors="0" timestamp="2021-04-28T22:02:32 ICT">
  <testcase classname="poro.gui.DangNhapJDialogTest" name="loginFail" time="1.786"/>
  <testcase classname="poro.gui.DangNhapJDialogTest" name="loginFail" time="1.691"/>
  <testcase classname="poro.gui.DangNhapJDialogTest" name="loginFail" time="1.707"/>
  <testcase classname="poro.gui.DangNhapJDialogTest" name="loginFail" time="2.268"/>
  <testcase classname="poro.gui.DangNhapJDialogTest" name="dangnhapthanhcong" time="1.867"/>
  <testcase classname="poro.gui.DangNhapJDialogTest" name="dangxuat" time="0.005">
    <failure type="java.lang.NullPointerException" message="Cannot read field &amp;quot;txtTaiKhoan&amp;quot; because &amp;quot;dn&amp;quot; is null">
      <![CDATA[java.lang.NullPointerException: Cannot read field "txtTaiKhoan" because "dn" is null
at poro.gui.DangNhapJDialogTest.dangxuat(DangNhapJDialogTest.java:85)
at java.base/java.util.concurrent.FutureTask.run(FutureTask.java:264)
at java.base/java.util.concurrent.ThreadPoolExecutor.runWorker(ThreadPoolExecutor.java:1130)
at java.base/java.util.concurrent.ThreadPoolExecutor$Worker.run(ThreadPoolExecutor.java:630)
at java.base/java.lang.Thread.run(Thread.java:832)
... Removed 8 stack frames]]>
    </failure>
  </testcase> <!-- dangxuat -->
</testsuite> <!-- pDangNhap Test -->
