<?xml version="1.0" encoding="UTF-8"?>
<!-- Generated by org.testng.reporters.JUnitXMLReporter -->
<testsuite ignored="0" hostname="Neko" failures="0" tests="6" name="pModule Test" time="0.041" errors="0" timestamp="2021-04-28T20:09:46 ICT">
  <testcase classname="poro.module.CalendarManagerTest" name="addTimesTest" time="0.001"/>
  <testcase classname="poro.module.CalendarManagerTest" name="getDateByStringTest" time="0.006"/>
  <testcase classname="poro.module.CalendarManagerTest" name="getDaysOfTest" time="0.002"/>
  <testcase classname="poro.module.CalendarManagerTest" name="getNowTest" time="0.003"/>
  <testcase classname="poro.module.CalendarManagerTest" name="getStringTest" time="0.005"/>
  <testcase classname="poro.module.CalendarManagerTest" name="isLeapYearTest" time="0.001"/>
</testsuite> <!-- pModule Test -->
