<?xml version="1.0" encoding="UTF-8"?>
<!-- Generated by org.testng.reporters.JUnitXMLReporter -->
<testsuite ignored="0" hostname="Neko" failures="0" tests="6" name="pModule Test" time="0.239" errors="0" timestamp="2021-04-28T22:02:10 ICT">
  <testcase classname="poro.module.CalendarManagerTest" name="addTimesTest" time="0.015"/>
  <testcase classname="poro.module.CalendarManagerTest" name="getDateByStringTest" time="0.101"/>
  <testcase classname="poro.module.CalendarManagerTest" name="getDaysOfTest" time="0.004"/>
  <testcase classname="poro.module.CalendarManagerTest" name="getNowTest" time="0.006"/>
  <testcase classname="poro.module.CalendarManagerTest" name="getStringTest" time="0.003"/>
  <testcase classname="poro.module.CalendarManagerTest" name="isLeapYearTest" time="0.002"/>
</testsuite> <!-- pModule Test -->
