<?xml version="1.0" encoding="UTF-8"?>
<!-- Generated by org.testng.reporters.JUnitXMLReporter -->
<testsuite ignored="2" hostname="Neko" failures="0" tests="1" name="Default test" time="0.078" errors="0" timestamp="2021-04-21T01:50:06 ICT">
  <testcase classname="poro.module.SessionTest" name="isLoginTest" time="0.018"/>
  <testcase classname="poro.module.SessionTest" name="logoffTest" time="0.0">
    <ignored/>
  </testcase> <!-- logoffTest -->
  <testcase classname="poro.module.SessionTest" name="exitTest" time="0.0">
    <ignored/>
  </testcase> <!-- exitTest -->
</testsuite> <!-- Default test -->
