<?xml version="1.0" encoding="UTF-8"?>
<!-- Generated by org.testng.reporters.JUnitXMLReporter -->
<testsuite ignored="2" hostname="Neko" failures="0" tests="1" name="Default test" time="1.218" errors="0" timestamp="2021-04-21T14:28:08 ICT">
  <testcase classname="poro.module.db.data.MuonPhongTest" name="getListByPhongNoTest" time="1.135"/>
  <testcase classname="poro.module.db.data.MuonPhongTest" name="getFullListTest" time="0.0">
    <ignored/>
  </testcase> <!-- getFullListTest -->
  <testcase classname="poro.module.db.data.MuonPhongTest" name="getListByPhongYesTest" time="0.0">
    <ignored/>
  </testcase> <!-- getListByPhongYesTest -->
</testsuite> <!-- Default test -->
