<?xml version="1.0" encoding="UTF-8"?>
<!-- Generated by org.testng.reporters.JUnitXMLReporter -->
<testsuite ignored="0" hostname="Neko" failures="0" tests="5" name="lQuanLyTaiKhoan Test" time="38.573" errors="0" timestamp="2021-04-28T19:50:49 ICT">
  <testcase classname="poro.gui.QuanLyTaiKhoanJPanelTest" name="dangKyTaiKhoan" time="4.706"/>
  <testcase classname="poro.gui.QuanLyTaiKhoanJPanelTest" name="dangKyTaiKhoan" time="3.186"/>
  <testcase classname="poro.gui.QuanLyTaiKhoanJPanelTest" name="dangKyTaiKhoan" time="4.689"/>
  <testcase classname="poro.gui.QuanLyTaiKhoanJPanelTest" name="dangKyTaiKhoan" time="5.01"/>
  <testcase classname="poro.gui.QuanLyTaiKhoanJPanelTest" name="dangKyTaiKhoan" time="5.207"/>
</testsuite> <!-- lQuanLyTaiKhoan Test -->
