<?xml version="1.0" encoding="UTF-8"?>
<!-- Generated by org.testng.reporters.JUnitXMLReporter -->
<testsuite ignored="1" hostname="Neko" failures="0" tests="3" name="test main" time="0.085" errors="0" timestamp="2021-04-21T18:32:42 ICT">
  <testcase classname="poro.module.SessionTest" name="userIsNull" time="0.016"/>
  <testcase classname="poro.module.SessionTest" name="isLoginTest" time="0.005"/>
  <testcase classname="poro.module.SessionTest" name="logoffTest" time="0.002"/>
  <testcase classname="poro.module.SessionTest" name="exitTest" time="0.0">
    <ignored/>
  </testcase> <!-- exitTest -->
</testsuite> <!-- test main -->
