<?xml version="1.0" encoding="UTF-8"?>
<!-- Generated by org.testng.reporters.JUnitXMLReporter -->
<testsuite ignored="4" hostname="Neko" failures="0" tests="9" name="lModule Test" time="0.984" errors="0" timestamp="2021-04-28T14:47:37 ICT">
  <testcase classname="poro.module.FileManagerTest" name="readObjectTest" time="0.052"/>
  <testcase classname="poro.module.FileManagerTest" name="readStringTest" time="0.009"/>
  <testcase classname="poro.module.FileManagerTest" name="readTest" time="0.006"/>
  <testcase classname="poro.module.FileManagerTest" name="writeObjectTest" time="0.008"/>
  <testcase classname="poro.module.FileManagerTest" name="writeStringTest" time="0.007"/>
  <testcase classname="poro.module.FileManagerTest" name="writeTest" time="0.009"/>
  <testcase classname="poro.module.db.data.TaiKhoanTest" name="InsertTaiKhoan" time="0.803"/>
  <testcase classname="poro.module.db.data.TaiKhoanTest" name="UpdateTaiKhoan" time="0.004"/>
  <testcase classname="poro.module.db.data.TaiKhoanTest" name="DeleteTaiKhoan" time="0.005"/>
  <testcase classname="poro.module.db.data.TaiKhoanTest" name="selectUsernameEmailPassTest" time="0.0">
    <ignored/>
  </testcase> <!-- selectUsernameEmailPassTest -->
  <testcase classname="poro.module.db.data.TaiKhoanTest" name="selectUsernameTest" time="0.0">
    <ignored/>
  </testcase> <!-- selectUsernameTest -->
  <testcase classname="poro.module.db.data.TaiKhoanTest" name="selectEmailTest" time="0.0">
    <ignored/>
  </testcase> <!-- selectEmailTest -->
  <testcase classname="poro.module.db.data.TaiKhoanTest" name="selectAllTest" time="0.0">
    <ignored/>
  </testcase> <!-- selectAllTest -->
</testsuite> <!-- lModule Test -->
