<?xml version="1.0" encoding="UTF-8"?>
<!-- Generated by org.testng.reporters.JUnitXMLReporter -->
<testsuite ignored="0" hostname="Neko" failures="0" tests="12" name="MuonPhong Test" time="102.756" errors="0" timestamp="2021-04-28T00:12:45 ICT">
  <testcase classname="poro.gui.MuonPhongJDialogTest" name="errorFromTest" time="4.141"/>
  <testcase classname="poro.gui.MuonPhongJDialogTest" name="errorFromTest" time="4.14"/>
  <testcase classname="poro.gui.MuonPhongJDialogTest" name="errorFromTest" time="3.363"/>
  <testcase classname="poro.gui.MuonPhongJDialogTest" name="errorFromTest" time="4.643"/>
  <testcase classname="poro.gui.MuonPhongJDialogTest" name="errorFromTest" time="4.699"/>
  <testcase classname="poro.gui.MuonPhongJDialogTest" name="muon201Test" time="4.62"/>
  <testcase classname="poro.gui.MuonPhongJDialogTest" name="errorFromSvTest" time="6.889"/>
  <testcase classname="poro.gui.MuonPhongJDialogTest" name="errorFromSvTest" time="6.556"/>
  <testcase classname="poro.gui.MuonPhongJDialogTest" name="errorFromSvTest" time="5.79"/>
  <testcase classname="poro.gui.MuonPhongJDialogTest" name="errorFromSvTest" time="7.297"/>
  <testcase classname="poro.gui.MuonPhongJDialogTest" name="muonOkSvTest" time="10.091"/>
  <testcase classname="poro.gui.MuonPhongJDialogTest" name="xacNhanMuonTest" time="10.982"/>
</testsuite> <!-- MuonPhong Test -->
