<?xml version="1.0" encoding="UTF-8"?>
<!-- Generated by org.testng.reporters.JUnitXMLReporter -->
<testsuite ignored="0" hostname="Neko" failures="0" tests="12" name="MuonPhong Test" time="104.051" errors="0" timestamp="2021-04-28T01:03:09 ICT">
  <testcase classname="poro.gui.MuonPhongJDialogTest" name="errorFromTest" time="4.156"/>
  <testcase classname="poro.gui.MuonPhongJDialogTest" name="errorFromTest" time="4.124"/>
  <testcase classname="poro.gui.MuonPhongJDialogTest" name="errorFromTest" time="3.343"/>
  <testcase classname="poro.gui.MuonPhongJDialogTest" name="errorFromTest" time="4.7"/>
  <testcase classname="poro.gui.MuonPhongJDialogTest" name="errorFromTest" time="4.728"/>
  <testcase classname="poro.gui.MuonPhongJDialogTest" name="muon201Test" time="4.565"/>
  <testcase classname="poro.gui.MuonPhongJDialogTest" name="errorFromSvTest" time="6.895"/>
  <testcase classname="poro.gui.MuonPhongJDialogTest" name="errorFromSvTest" time="6.567"/>
  <testcase classname="poro.gui.MuonPhongJDialogTest" name="errorFromSvTest" time="5.804"/>
  <testcase classname="poro.gui.MuonPhongJDialogTest" name="errorFromSvTest" time="7.284"/>
  <testcase classname="poro.gui.MuonPhongJDialogTest" name="muonOkSvTest" time="10.106"/>
  <testcase classname="poro.gui.MuonPhongJDialogTest" name="xacNhanMuonTest" time="11.922"/>
</testsuite> <!-- MuonPhong Test -->
