<?xml version="1.0" encoding="UTF-8"?>
<!-- Generated by org.testng.reporters.JUnitXMLReporter -->
<testsuite ignored="1" hostname="Neko" failures="1" tests="9" name="vModule Test" time="1.381" errors="0" timestamp="2021-04-28T20:07:30 ICT">
  <testcase classname="poro.module.SessionTest" name="userIsNull" time="0.024"/>
  <testcase classname="poro.module.SessionTest" name="isLoginTest" time="0.006"/>
  <testcase classname="poro.module.SessionTest" name="logoffTest" time="0.002"/>
  <testcase classname="poro.module.db.data.MuonPhongTest" name="insertMuonPhongTest" time="1.138"/>
  <testcase classname="poro.module.db.data.MuonPhongTest" name="updateMuonPhongTest" time="0.005"/>
  <testcase classname="poro.module.db.data.MuonPhongTest" name="getFullListTest" time="0.065"/>
  <testcase classname="poro.module.db.data.MuonPhongTest" name="getListByPhongNoTest" time="0.005"/>
  <testcase classname="poro.module.db.data.MuonPhongTest" name="getListByPhongYesTest" time="0.006">
    <failure type="java.lang.AssertionError" message="Khi lấy list thông tin mượn phòng 101, kết quả trả về là list rổng expected [false] but found [true]">
      <![CDATA[java.lang.AssertionError: Khi lấy list thông tin mượn phòng 101, kết quả trả về là list rổng expected [false] but found [true]
at poro.module.db.data.MuonPhongTest.getListByPhongYesTest(MuonPhongTest.java:24)
at java.base/java.util.ArrayList.forEach(ArrayList.java:1511)
... Removed 30 stack frames]]>
    </failure>
  </testcase> <!-- getListByPhongYesTest -->
  <testcase classname="poro.module.db.data.MuonPhongTest" name="seleteLastMuonPhongTest" time="0.012"/>
  <testcase classname="poro.module.SessionTest" name="exitTest" time="0.0">
    <ignored/>
  </testcase> <!-- exitTest -->
</testsuite> <!-- vModule Test -->
