<?xml version="1.0" encoding="UTF-8"?>
<!-- Generated by org.testng.reporters.JUnitXMLReporter -->
<testsuite ignored="1" hostname="Neko" failures="1" tests="9" name="vModule Test" time="1.23" errors="0" timestamp="2021-04-28T02:59:36 ICT">
  <testcase classname="poro.module.SessionTest" name="userIsNull" time="0.015"/>
  <testcase classname="poro.module.SessionTest" name="isLoginTest" time="0.004"/>
  <testcase classname="poro.module.SessionTest" name="logoffTest" time="0.002"/>
  <testcase classname="poro.module.db.data.MuonPhongTest" name="insertMuonPhongTest" time="0.998"/>
  <testcase classname="poro.module.db.data.MuonPhongTest" name="updateMuonPhongTest" time="0.018"/>
  <testcase classname="poro.module.db.data.MuonPhongTest" name="getFullListTest" time="0.079"/>
  <testcase classname="poro.module.db.data.MuonPhongTest" name="getListByPhongNoTest" time="0.007"/>
  <testcase classname="poro.module.db.data.MuonPhongTest" name="getListByPhongYesTest" time="0.004">
    <failure type="java.lang.AssertionError" message="expected [false] but found [true]">
      <![CDATA[java.lang.AssertionError: expected [false] but found [true]
at poro.module.db.data.MuonPhongTest.getListByPhongYesTest(MuonPhongTest.java:24)
at java.base/java.util.ArrayList.forEach(ArrayList.java:1511)
... Removed 31 stack frames]]>
    </failure>
  </testcase> <!-- getListByPhongYesTest -->
  <testcase classname="poro.module.db.data.MuonPhongTest" name="seleteLastMuonPhongTest" time="0.013"/>
  <testcase classname="poro.module.SessionTest" name="exitTest" time="0.0">
    <ignored/>
  </testcase> <!-- exitTest -->
</testsuite> <!-- vModule Test -->
