<?xml version="1.0" encoding="UTF-8"?>
<!-- Generated by org.testng.reporters.JUnitXMLReporter -->
<testsuite ignored="0" hostname="Neko" failures="0" tests="12" name="vMuonPhong Test" time="103.184" errors="0" timestamp="2021-04-28T16:04:32 ICT">
  <testcase classname="poro.gui.MuonPhongJDialogTest" name="errorFromTest" time="4.15"/>
  <testcase classname="poro.gui.MuonPhongJDialogTest" name="errorFromTest" time="4.112"/>
  <testcase classname="poro.gui.MuonPhongJDialogTest" name="errorFromTest" time="3.342"/>
  <testcase classname="poro.gui.MuonPhongJDialogTest" name="errorFromTest" time="4.68"/>
  <testcase classname="poro.gui.MuonPhongJDialogTest" name="errorFromTest" time="4.652"/>
  <testcase classname="poro.gui.MuonPhongJDialogTest" name="muon201Test" time="4.544"/>
  <testcase classname="poro.gui.MuonPhongJDialogTest" name="errorFromSvTest" time="6.904"/>
  <testcase classname="poro.gui.MuonPhongJDialogTest" name="errorFromSvTest" time="6.632"/>
  <testcase classname="poro.gui.MuonPhongJDialogTest" name="errorFromSvTest" time="5.773"/>
  <testcase classname="poro.gui.MuonPhongJDialogTest" name="errorFromSvTest" time="7.242"/>
  <testcase classname="poro.gui.MuonPhongJDialogTest" name="muonOkSvTest" time="10.015"/>
  <testcase classname="poro.gui.MuonPhongJDialogTest" name="xacNhanMuonTest" time="11.477"/>
</testsuite> <!-- vMuonPhong Test -->
