<?xml version="1.0" encoding="UTF-8"?>
<!-- Generated by org.testng.reporters.JUnitXMLReporter -->
<testsuite ignored="0" hostname="Neko" failures="0" tests="12" name="vMuonPhong Test" time="103.606" errors="0" timestamp="2021-04-28T03:02:01 ICT">
  <testcase classname="poro.gui.MuonPhongJDialogTest" name="errorFromTest" time="4.141"/>
  <testcase classname="poro.gui.MuonPhongJDialogTest" name="errorFromTest" time="4.09"/>
  <testcase classname="poro.gui.MuonPhongJDialogTest" name="errorFromTest" time="3.271"/>
  <testcase classname="poro.gui.MuonPhongJDialogTest" name="errorFromTest" time="4.613"/>
  <testcase classname="poro.gui.MuonPhongJDialogTest" name="errorFromTest" time="4.65"/>
  <testcase classname="poro.gui.MuonPhongJDialogTest" name="muon201Test" time="4.568"/>
  <testcase classname="poro.gui.MuonPhongJDialogTest" name="errorFromSvTest" time="6.889"/>
  <testcase classname="poro.gui.MuonPhongJDialogTest" name="errorFromSvTest" time="6.538"/>
  <testcase classname="poro.gui.MuonPhongJDialogTest" name="errorFromSvTest" time="5.85"/>
  <testcase classname="poro.gui.MuonPhongJDialogTest" name="errorFromSvTest" time="7.284"/>
  <testcase classname="poro.gui.MuonPhongJDialogTest" name="muonOkSvTest" time="10.134"/>
  <testcase classname="poro.gui.MuonPhongJDialogTest" name="xacNhanMuonTest" time="11.715"/>
</testsuite> <!-- vMuonPhong Test -->
