<?xml version="1.0" encoding="UTF-8"?>
<!-- Generated by org.testng.reporters.JUnitXMLReporter -->
<testsuite ignored="0" hostname="Neko" failures="0" tests="9" name="vXemPhong Test" time="41.738" errors="0" timestamp="2021-04-28T16:02:49 ICT">
  <testcase classname="poro.gui.NMXemPhongJPanelTest" name="messageErrorTimPhongTest" time="1.547"/>
  <testcase classname="poro.gui.NMXemPhongJPanelTest" name="messageErrorTimPhongTest" time="2.047"/>
  <testcase classname="poro.gui.NMXemPhongJPanelTest" name="messageErrorTimPhongTest" time="2.614"/>
  <testcase classname="poro.gui.NMXemPhongJPanelTest" name="messageErrorTimPhongTest" time="2.587"/>
  <testcase classname="poro.gui.NMXemPhongJPanelTest" name="showTimPhongDefTest" time="1.649"/>
  <testcase classname="poro.gui.NMXemPhongJPanelTest" name="skipPhong102" time="2.932"/>
  <testcase classname="poro.gui.NMXemPhongJPanelTest" name="skipPhong102" time="2.837"/>
  <testcase classname="poro.gui.NMXemPhongJPanelTest" name="skipPhong102" time="2.843"/>
  <testcase classname="poro.gui.NMXemPhongJPanelTest" name="valueTimPhongDefTest" time="1.578"/>
</testsuite> <!-- vXemPhong Test -->
