<?xml version="1.0" encoding="UTF-8"?>
<!-- Generated by org.testng.reporters.JUnitXMLReporter -->
<testsuite ignored="0" hostname="Neko" failures="0" tests="9" name="vXemPhong Test" time="41.372" errors="0" timestamp="2021-04-28T03:00:18 ICT">
  <testcase classname="poro.gui.NMXemPhongJPanelTest" name="messageErrorTimPhongTest" time="1.576"/>
  <testcase classname="poro.gui.NMXemPhongJPanelTest" name="messageErrorTimPhongTest" time="2.101"/>
  <testcase classname="poro.gui.NMXemPhongJPanelTest" name="messageErrorTimPhongTest" time="2.583"/>
  <testcase classname="poro.gui.NMXemPhongJPanelTest" name="messageErrorTimPhongTest" time="2.56"/>
  <testcase classname="poro.gui.NMXemPhongJPanelTest" name="showTimPhongDefTest" time="1.669"/>
  <testcase classname="poro.gui.NMXemPhongJPanelTest" name="skipPhong102" time="2.792"/>
  <testcase classname="poro.gui.NMXemPhongJPanelTest" name="skipPhong102" time="2.841"/>
  <testcase classname="poro.gui.NMXemPhongJPanelTest" name="skipPhong102" time="2.841"/>
  <testcase classname="poro.gui.NMXemPhongJPanelTest" name="valueTimPhongDefTest" time="1.579"/>
</testsuite> <!-- vXemPhong Test -->
