<?xml version="1.0" encoding="UTF-8"?>
<!-- Generated by org.testng.reporters.JUnitXMLReporter -->
<testsuite ignored="0" hostname="Neko" failures="0" tests="9" name="XemPhong Test" time="41.558" errors="0" timestamp="2021-04-28T00:11:02 ICT">
  <testcase classname="poro.gui.NMXemPhongJPanelTest" name="messageErrorTimPhongTest" time="1.573"/>
  <testcase classname="poro.gui.NMXemPhongJPanelTest" name="messageErrorTimPhongTest" time="2.097"/>
  <testcase classname="poro.gui.NMXemPhongJPanelTest" name="messageErrorTimPhongTest" time="2.607"/>
  <testcase classname="poro.gui.NMXemPhongJPanelTest" name="messageErrorTimPhongTest" time="2.604"/>
  <testcase classname="poro.gui.NMXemPhongJPanelTest" name="showTimPhongDefTest" time="1.667"/>
  <testcase classname="poro.gui.NMXemPhongJPanelTest" name="skipPhong102" time="2.846"/>
  <testcase classname="poro.gui.NMXemPhongJPanelTest" name="skipPhong102" time="2.821"/>
  <testcase classname="poro.gui.NMXemPhongJPanelTest" name="skipPhong102" time="2.82"/>
  <testcase classname="poro.gui.NMXemPhongJPanelTest" name="valueTimPhongDefTest" time="1.585"/>
</testsuite> <!-- XemPhong Test -->
