<?xml version="1.0" encoding="UTF-8"?>
<!-- Generated by org.testng.reporters.JUnitXMLReporter -->
<testsuite ignored="0" hostname="Neko" failures="0" tests="9" name="XemPhong Test" time="42.261" errors="0" timestamp="2021-04-28T01:01:25 ICT">
  <testcase classname="poro.gui.NMXemPhongJPanelTest" name="messageErrorTimPhongTest" time="1.592"/>
  <testcase classname="poro.gui.NMXemPhongJPanelTest" name="messageErrorTimPhongTest" time="2.069"/>
  <testcase classname="poro.gui.NMXemPhongJPanelTest" name="messageErrorTimPhongTest" time="2.586"/>
  <testcase classname="poro.gui.NMXemPhongJPanelTest" name="messageErrorTimPhongTest" time="2.642"/>
  <testcase classname="poro.gui.NMXemPhongJPanelTest" name="showTimPhongDefTest" time="1.648"/>
  <testcase classname="poro.gui.NMXemPhongJPanelTest" name="skipPhong102" time="2.939"/>
  <testcase classname="poro.gui.NMXemPhongJPanelTest" name="skipPhong102" time="2.886"/>
  <testcase classname="poro.gui.NMXemPhongJPanelTest" name="skipPhong102" time="2.857"/>
  <testcase classname="poro.gui.NMXemPhongJPanelTest" name="valueTimPhongDefTest" time="1.605"/>
</testsuite> <!-- XemPhong Test -->
