<?xml version="1.0" encoding="UTF-8"?>
<testng-results ignored="1" total="33" passed="28" failed="4" skipped="0">
  <reporter-output>
  </reporter-output>
  <suite started-at="2021-04-21T18:35:28 ICT" name="main suite" finished-at="2021-04-21T18:35:30 ICT" duration-ms="1646">
    <groups>
    </groups>
    <test started-at="2021-04-21T18:35:28 ICT" name="main test" finished-at="2021-04-21T18:35:30 ICT" duration-ms="1646">
      <class name="poro.module.SessionTest">
        <test-method signature="userIsNull()[pri:-1, instance:poro.module.SessionTest@71c3b41]" started-at="2021-04-21T18:35:28 ICT" name="userIsNull" finished-at="2021-04-21T18:35:29 ICT" duration-ms="18" status="PASS">
          <reporter-output>
          </reporter-output>
        </test-method> <!-- userIsNull -->
        <test-method signature="isLoginTest()[pri:0, instance:poro.module.SessionTest@71c3b41]" started-at="2021-04-21T18:35:29 ICT" name="isLoginTest" finished-at="2021-04-21T18:35:29 ICT" duration-ms="4" status="PASS">
          <reporter-output>
          </reporter-output>
        </test-method> <!-- isLoginTest -->
        <test-method signature="logoffTest()[pri:0, instance:poro.module.SessionTest@71c3b41]" started-at="2021-04-21T18:35:29 ICT" name="logoffTest" finished-at="2021-04-21T18:35:29 ICT" duration-ms="4" status="PASS">
          <reporter-output>
          </reporter-output>
        </test-method> <!-- logoffTest -->
      </class> <!-- poro.module.SessionTest -->
      <class name="poro.module.CalendarManagerTest">
        <test-method signature="addTimesTest()[pri:0, instance:poro.module.CalendarManagerTest@3cc1435c]" started-at="2021-04-21T18:35:30 ICT" name="addTimesTest" finished-at="2021-04-21T18:35:30 ICT" duration-ms="2" status="PASS">
          <reporter-output>
          </reporter-output>
        </test-method> <!-- addTimesTest -->
        <test-method signature="getDateByStringTest()[pri:0, instance:poro.module.CalendarManagerTest@3cc1435c]" started-at="2021-04-21T18:35:30 ICT" name="getDateByStringTest" finished-at="2021-04-21T18:35:30 ICT" duration-ms="29" status="PASS">
          <reporter-output>
          </reporter-output>
        </test-method> <!-- getDateByStringTest -->
        <test-method signature="getDaysOfTest()[pri:0, instance:poro.module.CalendarManagerTest@3cc1435c]" started-at="2021-04-21T18:35:30 ICT" name="getDaysOfTest" finished-at="2021-04-21T18:35:30 ICT" duration-ms="4" status="PASS">
          <reporter-output>
          </reporter-output>
        </test-method> <!-- getDaysOfTest -->
        <test-method signature="getNowTest()[pri:0, instance:poro.module.CalendarManagerTest@3cc1435c]" started-at="2021-04-21T18:35:30 ICT" name="getNowTest" finished-at="2021-04-21T18:35:30 ICT" duration-ms="6" status="PASS">
          <reporter-output>
          </reporter-output>
        </test-method> <!-- getNowTest -->
        <test-method signature="getStringTest()[pri:0, instance:poro.module.CalendarManagerTest@3cc1435c]" started-at="2021-04-21T18:35:30 ICT" name="getStringTest" finished-at="2021-04-21T18:35:30 ICT" duration-ms="3" status="PASS">
          <reporter-output>
          </reporter-output>
        </test-method> <!-- getStringTest -->
        <test-method signature="isLeapYearTest()[pri:0, instance:poro.module.CalendarManagerTest@3cc1435c]" started-at="2021-04-21T18:35:30 ICT" name="isLeapYearTest" finished-at="2021-04-21T18:35:30 ICT" duration-ms="2" status="PASS">
          <reporter-output>
          </reporter-output>
        </test-method> <!-- isLeapYearTest -->
      </class> <!-- poro.module.CalendarManagerTest -->
      <class name="poro.module.db.data.TaiKhoanTest">
        <test-method signature="InsertTaiKhoan()[pri:-1, instance:poro.module.db.data.TaiKhoanTest@dd0c991]" started-at="2021-04-21T18:35:30 ICT" name="InsertTaiKhoan" finished-at="2021-04-21T18:35:30 ICT" duration-ms="10" status="PASS">
          <reporter-output>
          </reporter-output>
        </test-method> <!-- InsertTaiKhoan -->
        <test-method signature="UpdateTaiKhoan()[pri:0, instance:poro.module.db.data.TaiKhoanTest@dd0c991]" started-at="2021-04-21T18:35:30 ICT" name="UpdateTaiKhoan" finished-at="2021-04-21T18:35:30 ICT" duration-ms="18" status="PASS">
          <reporter-output>
          </reporter-output>
        </test-method> <!-- UpdateTaiKhoan -->
        <test-method signature="selectAllTest()[pri:0, instance:poro.module.db.data.TaiKhoanTest@dd0c991]" started-at="2021-04-21T18:35:30 ICT" name="selectAllTest" finished-at="2021-04-21T18:35:30 ICT" duration-ms="6" status="PASS">
          <reporter-output>
          </reporter-output>
        </test-method> <!-- selectAllTest -->
        <test-method signature="selectEmailTest()[pri:0, instance:poro.module.db.data.TaiKhoanTest@dd0c991]" started-at="2021-04-21T18:35:30 ICT" name="selectEmailTest" finished-at="2021-04-21T18:35:30 ICT" duration-ms="5" status="PASS">
          <reporter-output>
          </reporter-output>
        </test-method> <!-- selectEmailTest -->
        <test-method signature="selectUsernameEmailPassTest()[pri:0, instance:poro.module.db.data.TaiKhoanTest@dd0c991]" started-at="2021-04-21T18:35:30 ICT" name="selectUsernameEmailPassTest" finished-at="2021-04-21T18:35:30 ICT" duration-ms="8" status="PASS">
          <reporter-output>
          </reporter-output>
        </test-method> <!-- selectUsernameEmailPassTest -->
        <test-method signature="selectUsernameTest()[pri:0, instance:poro.module.db.data.TaiKhoanTest@dd0c991]" started-at="2021-04-21T18:35:30 ICT" name="selectUsernameTest" finished-at="2021-04-21T18:35:30 ICT" duration-ms="17" status="PASS">
          <reporter-output>
          </reporter-output>
        </test-method> <!-- selectUsernameTest -->
        <test-method signature="DeleteTaiKhoan()[pri:90, instance:poro.module.db.data.TaiKhoanTest@dd0c991]" started-at="2021-04-21T18:35:30 ICT" name="DeleteTaiKhoan" finished-at="2021-04-21T18:35:30 ICT" duration-ms="34" status="PASS">
          <reporter-output>
          </reporter-output>
        </test-method> <!-- DeleteTaiKhoan -->
      </class> <!-- poro.module.db.data.TaiKhoanTest -->
      <class name="poro.module.db.data.PhongTest">
        <test-method signature="InsertPhong()[pri:0, instance:poro.module.db.data.PhongTest@5f16132a]" started-at="2021-04-21T18:35:30 ICT" name="InsertPhong" finished-at="2021-04-21T18:35:30 ICT" duration-ms="23" status="FAIL">
          <exception class="java.lang.AssertionError">
            <message>
              <![CDATA[expected [1] but found [0]]]>
            </message>
            <full-stacktrace>
              <![CDATA[java.lang.AssertionError: expected [1] but found [0]
at org.testng.Assert.fail(Assert.java:99)
at org.testng.Assert.failNotEquals(Assert.java:1037)
at org.testng.Assert.assertEqualsImpl(Assert.java:140)
at org.testng.Assert.assertEquals(Assert.java:122)
at org.testng.Assert.assertEquals(Assert.java:907)
at org.testng.Assert.assertEquals(Assert.java:917)
at poro.module.db.data.PhongTest.InsertPhong(PhongTest.java:37)
at java.base/jdk.internal.reflect.NativeMethodAccessorImpl.invoke0(Native Method)
at java.base/jdk.internal.reflect.NativeMethodAccessorImpl.invoke(NativeMethodAccessorImpl.java:64)
at java.base/jdk.internal.reflect.DelegatingMethodAccessorImpl.invoke(DelegatingMethodAccessorImpl.java:43)
at java.base/java.lang.reflect.Method.invoke(Method.java:564)
at org.testng.internal.MethodInvocationHelper.invokeMethod(MethodInvocationHelper.java:132)
at org.testng.internal.TestInvoker.invokeMethod(TestInvoker.java:599)
at org.testng.internal.TestInvoker.invokeTestMethod(TestInvoker.java:174)
at org.testng.internal.MethodRunner.runInSequence(MethodRunner.java:46)
at org.testng.internal.TestInvoker$MethodInvocationAgent.invoke(TestInvoker.java:822)
at org.testng.internal.TestInvoker.invokeTestMethods(TestInvoker.java:147)
at org.testng.internal.TestMethodWorker.invokeTestMethods(TestMethodWorker.java:146)
at org.testng.internal.TestMethodWorker.run(TestMethodWorker.java:128)
at java.base/java.util.ArrayList.forEach(ArrayList.java:1511)
at org.testng.TestRunner.privateRun(TestRunner.java:764)
at org.testng.TestRunner.run(TestRunner.java:585)
at org.testng.SuiteRunner.runTest(SuiteRunner.java:384)
at org.testng.SuiteRunner.runSequentially(SuiteRunner.java:378)
at org.testng.SuiteRunner.privateRun(SuiteRunner.java:337)
at org.testng.SuiteRunner.run(SuiteRunner.java:286)
at org.testng.SuiteRunnerWorker.runSuite(SuiteRunnerWorker.java:53)
at org.testng.SuiteRunnerWorker.run(SuiteRunnerWorker.java:96)
at org.testng.TestNG.runSuitesSequentially(TestNG.java:1218)
at org.testng.TestNG.runSuitesLocally(TestNG.java:1140)
at org.testng.TestNG.runSuites(TestNG.java:1069)
at org.testng.TestNG.run(TestNG.java:1037)
at org.testng.remote.AbstractRemoteTestNG.run(AbstractRemoteTestNG.java:115)
at org.testng.remote.RemoteTestNG.initAndRun(RemoteTestNG.java:251)
at org.testng.remote.RemoteTestNG.main(RemoteTestNG.java:77)
]]>
            </full-stacktrace>
          </exception> <!-- java.lang.AssertionError -->
          <reporter-output>
          </reporter-output>
        </test-method> <!-- InsertPhong -->
        <test-method signature="SelectAllphong()[pri:0, instance:poro.module.db.data.PhongTest@5f16132a]" started-at="2021-04-21T18:35:30 ICT" name="SelectAllphong" finished-at="2021-04-21T18:35:30 ICT" duration-ms="34" status="PASS">
          <reporter-output>
          </reporter-output>
        </test-method> <!-- SelectAllphong -->
        <test-method signature="SelectByIdPhong()[pri:0, instance:poro.module.db.data.PhongTest@5f16132a]" started-at="2021-04-21T18:35:30 ICT" name="SelectByIdPhong" finished-at="2021-04-21T18:35:30 ICT" duration-ms="15" status="PASS">
          <reporter-output>
          </reporter-output>
        </test-method> <!-- SelectByIdPhong -->
        <test-method signature="UpdatePhong()[pri:0, instance:poro.module.db.data.PhongTest@5f16132a]" started-at="2021-04-21T18:35:30 ICT" name="UpdatePhong" finished-at="2021-04-21T18:35:30 ICT" duration-ms="6" status="PASS">
          <reporter-output>
          </reporter-output>
        </test-method> <!-- UpdatePhong -->
      </class> <!-- poro.module.db.data.PhongTest -->
      <class name="poro.module.db.data.MuonPhongTest">
        <test-method signature="insertMuonPhongTest()[pri:-2, instance:poro.module.db.data.MuonPhongTest@236e3f4e]" started-at="2021-04-21T18:35:29 ICT" name="insertMuonPhongTest" finished-at="2021-04-21T18:35:30 ICT" duration-ms="1100" status="PASS">
          <reporter-output>
          </reporter-output>
        </test-method> <!-- insertMuonPhongTest -->
        <test-method signature="updateMuonPhongTest()[pri:-1, instance:poro.module.db.data.MuonPhongTest@236e3f4e]" started-at="2021-04-21T18:35:30 ICT" name="updateMuonPhongTest" finished-at="2021-04-21T18:35:30 ICT" duration-ms="5" status="PASS">
          <reporter-output>
          </reporter-output>
        </test-method> <!-- updateMuonPhongTest -->
        <test-method signature="deleteMuonPhongTest()[pri:0, instance:poro.module.db.data.MuonPhongTest@236e3f4e]" started-at="2021-04-21T18:35:30 ICT" name="deleteMuonPhongTest" finished-at="2021-04-21T18:35:30 ICT" duration-ms="66" status="PASS">
          <reporter-output>
          </reporter-output>
        </test-method> <!-- deleteMuonPhongTest -->
        <test-method signature="getFullListTest()[pri:0, instance:poro.module.db.data.MuonPhongTest@236e3f4e]" started-at="2021-04-21T18:35:30 ICT" name="getFullListTest" finished-at="2021-04-21T18:35:30 ICT" duration-ms="9" status="PASS">
          <reporter-output>
          </reporter-output>
        </test-method> <!-- getFullListTest -->
        <test-method signature="getListByPhongNoTest()[pri:0, instance:poro.module.db.data.MuonPhongTest@236e3f4e]" started-at="2021-04-21T18:35:30 ICT" name="getListByPhongNoTest" finished-at="2021-04-21T18:35:30 ICT" duration-ms="4" status="PASS">
          <reporter-output>
          </reporter-output>
        </test-method> <!-- getListByPhongNoTest -->
        <test-method signature="getListByPhongYesTest()[pri:0, instance:poro.module.db.data.MuonPhongTest@236e3f4e]" started-at="2021-04-21T18:35:30 ICT" name="getListByPhongYesTest" finished-at="2021-04-21T18:35:30 ICT" duration-ms="4" status="FAIL">
          <exception class="java.lang.AssertionError">
            <message>
              <![CDATA[expected [false] but found [true]]]>
            </message>
            <full-stacktrace>
              <![CDATA[java.lang.AssertionError: expected [false] but found [true]
at org.testng.Assert.fail(Assert.java:99)
at org.testng.Assert.failNotEquals(Assert.java:1037)
at org.testng.Assert.assertFalse(Assert.java:67)
at org.testng.Assert.assertFalse(Assert.java:77)
at poro.module.db.data.MuonPhongTest.getListByPhongYesTest(MuonPhongTest.java:24)
at java.base/jdk.internal.reflect.NativeMethodAccessorImpl.invoke0(Native Method)
at java.base/jdk.internal.reflect.NativeMethodAccessorImpl.invoke(NativeMethodAccessorImpl.java:64)
at java.base/jdk.internal.reflect.DelegatingMethodAccessorImpl.invoke(DelegatingMethodAccessorImpl.java:43)
at java.base/java.lang.reflect.Method.invoke(Method.java:564)
at org.testng.internal.MethodInvocationHelper.invokeMethod(MethodInvocationHelper.java:132)
at org.testng.internal.TestInvoker.invokeMethod(TestInvoker.java:599)
at org.testng.internal.TestInvoker.invokeTestMethod(TestInvoker.java:174)
at org.testng.internal.MethodRunner.runInSequence(MethodRunner.java:46)
at org.testng.internal.TestInvoker$MethodInvocationAgent.invoke(TestInvoker.java:822)
at org.testng.internal.TestInvoker.invokeTestMethods(TestInvoker.java:147)
at org.testng.internal.TestMethodWorker.invokeTestMethods(TestMethodWorker.java:146)
at org.testng.internal.TestMethodWorker.run(TestMethodWorker.java:128)
at java.base/java.util.ArrayList.forEach(ArrayList.java:1511)
at org.testng.TestRunner.privateRun(TestRunner.java:764)
at org.testng.TestRunner.run(TestRunner.java:585)
at org.testng.SuiteRunner.runTest(SuiteRunner.java:384)
at org.testng.SuiteRunner.runSequentially(SuiteRunner.java:378)
at org.testng.SuiteRunner.privateRun(SuiteRunner.java:337)
at org.testng.SuiteRunner.run(SuiteRunner.java:286)
at org.testng.SuiteRunnerWorker.runSuite(SuiteRunnerWorker.java:53)
at org.testng.SuiteRunnerWorker.run(SuiteRunnerWorker.java:96)
at org.testng.TestNG.runSuitesSequentially(TestNG.java:1218)
at org.testng.TestNG.runSuitesLocally(TestNG.java:1140)
at org.testng.TestNG.runSuites(TestNG.java:1069)
at org.testng.TestNG.run(TestNG.java:1037)
at org.testng.remote.AbstractRemoteTestNG.run(AbstractRemoteTestNG.java:115)
at org.testng.remote.RemoteTestNG.initAndRun(RemoteTestNG.java:251)
at org.testng.remote.RemoteTestNG.main(RemoteTestNG.java:77)
]]>
            </full-stacktrace>
          </exception> <!-- java.lang.AssertionError -->
          <reporter-output>
          </reporter-output>
        </test-method> <!-- getListByPhongYesTest -->
      </class> <!-- poro.module.db.data.MuonPhongTest -->
      <class name="poro.module.FileManagerTest">
        <test-method signature="readObjectTest()[pri:0, instance:poro.module.FileManagerTest@6bf0219d]" started-at="2021-04-21T18:35:30 ICT" name="readObjectTest" finished-at="2021-04-21T18:35:30 ICT" duration-ms="22" status="FAIL">
          <exception class="java.lang.AssertionError">
            <message>
              <![CDATA[expected [poro.module.db.data.TaiKhoan@4097cac] but found [poro.module.db.data.TaiKhoan@4233e892]]]>
            </message>
            <full-stacktrace>
              <![CDATA[java.lang.AssertionError: expected [poro.module.db.data.TaiKhoan@4097cac] but found [poro.module.db.data.TaiKhoan@4233e892]
at org.testng.Assert.fail(Assert.java:99)
at org.testng.Assert.failNotEquals(Assert.java:1037)
at org.testng.Assert.assertEqualsImpl(Assert.java:140)
at org.testng.Assert.assertEquals(Assert.java:122)
at org.testng.Assert.assertEquals(Assert.java:617)
at poro.module.FileManagerTest.readObjectTest(FileManagerTest.java:28)
at java.base/jdk.internal.reflect.NativeMethodAccessorImpl.invoke0(Native Method)
at java.base/jdk.internal.reflect.NativeMethodAccessorImpl.invoke(NativeMethodAccessorImpl.java:64)
at java.base/jdk.internal.reflect.DelegatingMethodAccessorImpl.invoke(DelegatingMethodAccessorImpl.java:43)
at java.base/java.lang.reflect.Method.invoke(Method.java:564)
at org.testng.internal.MethodInvocationHelper.invokeMethod(MethodInvocationHelper.java:132)
at org.testng.internal.TestInvoker.invokeMethod(TestInvoker.java:599)
at org.testng.internal.TestInvoker.invokeTestMethod(TestInvoker.java:174)
at org.testng.internal.MethodRunner.runInSequence(MethodRunner.java:46)
at org.testng.internal.TestInvoker$MethodInvocationAgent.invoke(TestInvoker.java:822)
at org.testng.internal.TestInvoker.invokeTestMethods(TestInvoker.java:147)
at org.testng.internal.TestMethodWorker.invokeTestMethods(TestMethodWorker.java:146)
at org.testng.internal.TestMethodWorker.run(TestMethodWorker.java:128)
at java.base/java.util.ArrayList.forEach(ArrayList.java:1511)
at org.testng.TestRunner.privateRun(TestRunner.java:764)
at org.testng.TestRunner.run(TestRunner.java:585)
at org.testng.SuiteRunner.runTest(SuiteRunner.java:384)
at org.testng.SuiteRunner.runSequentially(SuiteRunner.java:378)
at org.testng.SuiteRunner.privateRun(SuiteRunner.java:337)
at org.testng.SuiteRunner.run(SuiteRunner.java:286)
at org.testng.SuiteRunnerWorker.runSuite(SuiteRunnerWorker.java:53)
at org.testng.SuiteRunnerWorker.run(SuiteRunnerWorker.java:96)
at org.testng.TestNG.runSuitesSequentially(TestNG.java:1218)
at org.testng.TestNG.runSuitesLocally(TestNG.java:1140)
at org.testng.TestNG.runSuites(TestNG.java:1069)
at org.testng.TestNG.run(TestNG.java:1037)
at org.testng.remote.AbstractRemoteTestNG.run(AbstractRemoteTestNG.java:115)
at org.testng.remote.RemoteTestNG.initAndRun(RemoteTestNG.java:251)
at org.testng.remote.RemoteTestNG.main(RemoteTestNG.java:77)
]]>
            </full-stacktrace>
          </exception> <!-- java.lang.AssertionError -->
          <reporter-output>
          </reporter-output>
        </test-method> <!-- readObjectTest -->
        <test-method signature="readStringTest()[pri:0, instance:poro.module.FileManagerTest@6bf0219d]" started-at="2021-04-21T18:35:30 ICT" name="readStringTest" finished-at="2021-04-21T18:35:30 ICT" duration-ms="5" status="PASS">
          <reporter-output>
          </reporter-output>
        </test-method> <!-- readStringTest -->
        <test-method signature="readTest()[pri:0, instance:poro.module.FileManagerTest@6bf0219d]" started-at="2021-04-21T18:35:30 ICT" name="readTest" finished-at="2021-04-21T18:35:30 ICT" duration-ms="13" status="PASS">
          <reporter-output>
          </reporter-output>
        </test-method> <!-- readTest -->
        <test-method signature="writeObjectTest()[pri:0, instance:poro.module.FileManagerTest@6bf0219d]" started-at="2021-04-21T18:35:30 ICT" name="writeObjectTest" finished-at="2021-04-21T18:35:30 ICT" duration-ms="6" status="FAIL">
          <exception class="java.lang.AssertionError">
            <message>
              <![CDATA[expected [poro.module.db.data.TaiKhoan@6bb2d00b] but found [poro.module.db.data.TaiKhoan@3c9bfddc]]]>
            </message>
            <full-stacktrace>
              <![CDATA[java.lang.AssertionError: expected [poro.module.db.data.TaiKhoan@6bb2d00b] but found [poro.module.db.data.TaiKhoan@3c9bfddc]
at org.testng.Assert.fail(Assert.java:99)
at org.testng.Assert.failNotEquals(Assert.java:1037)
at org.testng.Assert.assertEqualsImpl(Assert.java:140)
at org.testng.Assert.assertEquals(Assert.java:122)
at org.testng.Assert.assertEquals(Assert.java:617)
at poro.module.FileManagerTest.writeObjectTest(FileManagerTest.java:55)
at java.base/jdk.internal.reflect.NativeMethodAccessorImpl.invoke0(Native Method)
at java.base/jdk.internal.reflect.NativeMethodAccessorImpl.invoke(NativeMethodAccessorImpl.java:64)
at java.base/jdk.internal.reflect.DelegatingMethodAccessorImpl.invoke(DelegatingMethodAccessorImpl.java:43)
at java.base/java.lang.reflect.Method.invoke(Method.java:564)
at org.testng.internal.MethodInvocationHelper.invokeMethod(MethodInvocationHelper.java:132)
at org.testng.internal.TestInvoker.invokeMethod(TestInvoker.java:599)
at org.testng.internal.TestInvoker.invokeTestMethod(TestInvoker.java:174)
at org.testng.internal.MethodRunner.runInSequence(MethodRunner.java:46)
at org.testng.internal.TestInvoker$MethodInvocationAgent.invoke(TestInvoker.java:822)
at org.testng.internal.TestInvoker.invokeTestMethods(TestInvoker.java:147)
at org.testng.internal.TestMethodWorker.invokeTestMethods(TestMethodWorker.java:146)
at org.testng.internal.TestMethodWorker.run(TestMethodWorker.java:128)
at java.base/java.util.ArrayList.forEach(ArrayList.java:1511)
at org.testng.TestRunner.privateRun(TestRunner.java:764)
at org.testng.TestRunner.run(TestRunner.java:585)
at org.testng.SuiteRunner.runTest(SuiteRunner.java:384)
at org.testng.SuiteRunner.runSequentially(SuiteRunner.java:378)
at org.testng.SuiteRunner.privateRun(SuiteRunner.java:337)
at org.testng.SuiteRunner.run(SuiteRunner.java:286)
at org.testng.SuiteRunnerWorker.runSuite(SuiteRunnerWorker.java:53)
at org.testng.SuiteRunnerWorker.run(SuiteRunnerWorker.java:96)
at org.testng.TestNG.runSuitesSequentially(TestNG.java:1218)
at org.testng.TestNG.runSuitesLocally(TestNG.java:1140)
at org.testng.TestNG.runSuites(TestNG.java:1069)
at org.testng.TestNG.run(TestNG.java:1037)
at org.testng.remote.AbstractRemoteTestNG.run(AbstractRemoteTestNG.java:115)
at org.testng.remote.RemoteTestNG.initAndRun(RemoteTestNG.java:251)
at org.testng.remote.RemoteTestNG.main(RemoteTestNG.java:77)
]]>
            </full-stacktrace>
          </exception> <!-- java.lang.AssertionError -->
          <reporter-output>
          </reporter-output>
        </test-method> <!-- writeObjectTest -->
        <test-method signature="writeStringTest()[pri:0, instance:poro.module.FileManagerTest@6bf0219d]" started-at="2021-04-21T18:35:30 ICT" name="writeStringTest" finished-at="2021-04-21T18:35:30 ICT" duration-ms="4" status="PASS">
          <reporter-output>
          </reporter-output>
        </test-method> <!-- writeStringTest -->
        <test-method signature="writeTest()[pri:0, instance:poro.module.FileManagerTest@6bf0219d]" started-at="2021-04-21T18:35:30 ICT" name="writeTest" finished-at="2021-04-21T18:35:30 ICT" duration-ms="4" status="PASS">
          <reporter-output>
          </reporter-output>
        </test-method> <!-- writeTest -->
      </class> <!-- poro.module.FileManagerTest -->
    </test> <!-- main test -->
  </suite> <!-- main suite -->
</testng-results>
