<?xml version="1.0" encoding="UTF-8"?>
<!-- Generated by org.testng.reporters.JUnitXMLReporter -->
<testsuite ignored="3" hostname="Neko" failures="0" tests="6" name="mModule Test" time="1.526" errors="0" timestamp="2021-04-28T20:09:46 ICT">
  <testcase classname="poro.module.StringHelperTest" name="randomTest1" time="0.006"/>
  <testcase classname="poro.module.StringHelperTest" name="randomTest2" time="0.006"/>
  <testcase classname="poro.module.db.data.TaiKhoanTest" name="selectAllTest" time="1.431"/>
  <testcase classname="poro.module.db.data.TaiKhoanTest" name="selectUsernameTest" time="0.027"/>
  <testcase classname="poro.module.db.data.TaiKhoanTest" name="selectEmailTest" time="0.012"/>
  <testcase classname="poro.module.db.data.TaiKhoanTest" name="selectUsernameEmailPassTest" time="0.009"/>
  <testcase classname="poro.module.db.data.TaiKhoanTest" name="InsertTaiKhoan" time="0.0">
    <ignored/>
  </testcase> <!-- InsertTaiKhoan -->
  <testcase classname="poro.module.db.data.TaiKhoanTest" name="DeleteTaiKhoan" time="0.0">
    <ignored/>
  </testcase> <!-- DeleteTaiKhoan -->
  <testcase classname="poro.module.db.data.TaiKhoanTest" name="UpdateTaiKhoan" time="0.0">
    <ignored/>
  </testcase> <!-- UpdateTaiKhoan -->
</testsuite> <!-- mModule Test -->
