<?xml version="1.0" encoding="UTF-8"?>
<!-- Generated by org.testng.reporters.JUnitXMLReporter -->
<testsuite ignored="0" hostname="Neko" failures="0" tests="4" name="liModule Test" time="0.152" errors="0" timestamp="2021-04-28T20:09:45 ICT">
  <testcase classname="poro.module.EncrypterTest" name="toMD5TestString1" time="0.026"/>
  <testcase classname="poro.module.EncrypterTest" name="toMD5TestString2" time="0.002"/>
  <testcase classname="poro.module.EncrypterTest" name="toMD5Testbyte1" time="0.004"/>
  <testcase classname="poro.module.EncrypterTest" name="toMD5Testbyte2" time="0.004"/>
</testsuite> <!-- liModule Test -->
